# JRE version: OpenJDK Runtime Environment Temurin-17.0.16+8 (17.0.16+8) (build 17.0.16+8)
# Java VM: OpenJDK 64-Bit Server VM Temurin-17.0.16+8 (17.0.16+8, mixed mode, sharing, tiered, compressed oops, compressed class ptrs, g1 gc, windows-amd64)
GC Precious Log:
 CPUs: 8 total, 8 available
 Memory: 16122M
 Large Page Support: Disabled
 NUMA Support: Disabled
 Compressed Oops: Enabled (Zero based)
 Heap Region Size: 2M
 Heap Min Capacity: 8M
 Heap Initial Capacity: 252M
 Heap Max Capacity: 3G
 Pre-touch: Disabled
 Parallel Workers: 8
 Concurrent Workers: 2
 Concurrent Refinement Workers: 8
 Periodic GC: Disabled
Heap:
 garbage-first heap   total 172032K, used 77004K [0x0000000740000000, 0x0000000800000000)
  region size 2048K, 1 young (2048K), 1 survivors (2048K)
 Metaspace       used 68411K, committed 69120K, reserved 1114112K
  class space    used 9553K, committed 9920K, reserved 1048576K
GC Heap History (20 events):
Event: 3.450 GC heap after
{Heap after GC invocations=11 (full 0):
 garbage-first heap   total 96256K, used 36608K [0x0000000740000000, 0x0000000800000000)
  region size 2048K, 1 young (2048K), 1 survivors (2048K)
 Metaspace       used 39127K, committed 39616K, reserved 1114112K
  class space    used 5550K, committed 5760K, reserved 1048576K
}
Event: 3.731 GC heap before
{Heap before GC invocations=11 (full 0):
 garbage-first heap   total 96256K, used 71424K [0x0000000740000000, 0x0000000800000000)
  region size 2048K, 18 young (36864K), 1 survivors (2048K)
 Metaspace       used 41761K, committed 42176K, reserved 1114112K
  class space    used 5962K, committed 6144K, reserved 1048576K
}
Event: 3.733 GC heap after
{Heap after GC invocations=12 (full 0):
 garbage-first heap   total 172032K, used 38362K [0x0000000740000000, 0x0000000800000000)
  region size 2048K, 2 young (4096K), 2 survivors (4096K)
 Metaspace       used 41761K, committed 42176K, reserved 1114112K
  class space    used 5962K, committed 6144K, reserved 1048576K
}
Event: 4.405 GC heap before
{Heap before GC invocations=12 (full 0):
 garbage-first heap   total 172032K, used 126426K [0x0000000740000000, 0x0000000800000000)
  region size 2048K, 45 young (92160K), 2 survivors (4096K)
 Metaspace       used 48608K, committed 49152K, reserved 1114112K
  class space    used 6804K, committed 7040K, reserved 1048576K
}
Event: 4.409 GC heap after
{Heap after GC invocations=13 (full 0):
 garbage-first heap   total 172032K, used 42001K [0x0000000740000000, 0x0000000800000000)
  region size 2048K, 4 young (8192K), 4 survivors (8192K)
 Metaspace       used 48608K, committed 49152K, reserved 1114112K
  class space    used 6804K, committed 7040K, reserved 1048576K
}
Event: 6.977 GC heap before
{Heap before GC invocations=13 (full 0):
 garbage-first heap   total 172032K, used 109585K [0x0000000740000000, 0x0000000800000000)
  region size 2048K, 37 young (75776K), 4 survivors (8192K)
 Metaspace       used 59647K, committed 60160K, reserved 1114112K
  class space    used 8260K, committed 8512K, reserved 1048576K
}
Event: 6.982 GC heap after
{Heap after GC invocations=14 (full 0):
 garbage-first heap   total 172032K, used 49683K [0x0000000740000000, 0x0000000800000000)
  region size 2048K, 6 young (12288K), 6 survivors (12288K)
 Metaspace       used 59647K, committed 60160K, reserved 1114112K
  class space    used 8260K, committed 8512K, reserved 1048576K
}
Event: 7.454 GC heap before
{Heap before GC invocations=15 (full 0):
 garbage-first heap   total 172032K, used 133651K [0x0000000740000000, 0x0000000800000000)
  region size 2048K, 47 young (96256K), 6 survivors (12288K)
 Metaspace       used 62333K, committed 62912K, reserved 1114112K
  class space    used 8689K, committed 8960K, reserved 1048576K
}
Event: 7.462 GC heap after
{Heap after GC invocations=16 (full 0):
 garbage-first heap   total 172032K, used 56334K [0x0000000740000000, 0x0000000800000000)
  region size 2048K, 6 young (12288K), 6 survivors (12288K)
 Metaspace       used 62333K, committed 62912K, reserved 1114112K
  class space    used 8689K, committed 8960K, reserved 1048576K
}
Event: 7.509 GC heap before
{Heap before GC invocations=16 (full 0):
 garbage-first heap   total 172032K, used 62478K [0x0000000740000000, 0x0000000800000000)
  region size 2048K, 7 young (14336K), 6 survivors (12288K)
 Metaspace       used 62567K, committed 63168K, reserved 1114112K
  class space    used 8718K, committed 9024K, reserved 1048576K
}
Event: 7.516 GC heap after
{Heap after GC invocations=17 (full 0):
 garbage-first heap   total 172032K, used 58407K [0x0000000740000000, 0x0000000800000000)
  region size 2048K, 1 young (2048K), 1 survivors (2048K)
 Metaspace       used 62567K, committed 63168K, reserved 1114112K
  class space    used 8718K, committed 9024K, reserved 1048576K
}
Event: 10.859 GC heap before
{Heap before GC invocations=17 (full 0):
 garbage-first heap   total 172032K, used 146471K [0x0000000740000000, 0x0000000800000000)
  region size 2048K, 15 young (30720K), 1 survivors (2048K)
 Metaspace       used 64586K, committed 65216K, reserved 1114112K
  class space    used 8927K, committed 9216K, reserved 1048576K
}
Event: 10.862 GC heap after
{Heap after GC invocations=18 (full 0):
 garbage-first heap   total 172032K, used 58963K [0x0000000740000000, 0x0000000800000000)
  region size 2048K, 2 young (4096K), 2 survivors (4096K)
 Metaspace       used 64586K, committed 65216K, reserved 1114112K
  class space    used 8927K, committed 9216K, reserved 1048576K
}
Event: 10.882 GC heap before
{Heap before GC invocations=18 (full 0):
 garbage-first heap   total 172032K, used 81491K [0x0000000740000000, 0x0000000800000000)
  region size 2048K, 3 young (6144K), 2 survivors (4096K)
 Metaspace       used 64590K, committed 65216K, reserved 1114112K
  class space    used 8927K, committed 9216K, reserved 1048576K
}
Event: 10.884 GC heap after
{Heap after GC invocations=19 (full 0):
 garbage-first heap   total 172032K, used 58881K [0x0000000740000000, 0x0000000800000000)
  region size 2048K, 2 young (4096K), 2 survivors (4096K)
 Metaspace       used 64590K, committed 65216K, reserved 1114112K
  class space    used 8927K, committed 9216K, reserved 1048576K
}
Event: 11.580 GC heap before
{Heap before GC invocations=19 (full 0):
 garbage-first heap   total 172032K, used 124417K [0x0000000740000000, 0x0000000800000000)
  region size 2048K, 29 young (59392K), 2 survivors (4096K)
 Metaspace       used 68390K, committed 69120K, reserved 1114112K
  class space    used 9553K, committed 9920K, reserved 1048576K
}
Event: 11.584 GC heap after
{Heap after GC invocations=20 (full 0):
 garbage-first heap   total 172032K, used 63071K [0x0000000740000000, 0x0000000800000000)
  region size 2048K, 4 young (8192K), 4 survivors (8192K)
 Metaspace       used 68390K, committed 69120K, reserved 1114112K
  class space    used 9553K, committed 9920K, reserved 1048576K
}
Event: 11.617 GC heap before
{Heap before GC invocations=20 (full 0):
 garbage-first heap   total 172032K, used 77407K [0x0000000740000000, 0x0000000800000000)
  region size 2048K, 6 young (12288K), 4 survivors (8192K)
 Metaspace       used 68411K, committed 69120K, reserved 1114112K
  class space    used 9553K, committed 9920K, reserved 1048576K
}
Event: 11.621 GC heap after
{Heap after GC invocations=21 (full 0):
 garbage-first heap   total 172032K, used 70695K [0x0000000740000000, 0x0000000800000000)
  region size 2048K, 3 young (6144K), 3 survivors (6144K)
 Metaspace       used 68411K, committed 69120K, reserved 1114112K
  class space    used 9553K, committed 9920K, reserved 1048576K
}
Event: 11.627 GC heap before
{Heap before GC invocations=21 (full 0):
 garbage-first heap   total 172032K, used 76839K [0x0000000740000000, 0x0000000800000000)
  region size 2048K, 4 young (8192K), 3 survivors (6144K)
 Metaspace       used 68411K, committed 69120K, reserved 1114112K
  class space    used 9553K, committed 9920K, reserved 1048576K
}

