# JRE version: OpenJDK Runtime Environment Temurin-17.0.16+8 (17.0.16+8) (build 17.0.16+8)
# Java VM: OpenJDK 64-Bit Server VM Temurin-17.0.16+8 (17.0.16+8, mixed mode, sharing, tiered, compressed oops, compressed class ptrs, g1 gc, windows-amd64)
GC Precious Log:
 CPUs: 8 total, 8 available
 Memory: 16122M
 Large Page Support: Disabled
 NUMA Support: Disabled
 Compressed Oops: Enabled (Zero based)
 Heap Region Size: 2M
 Heap Min Capacity: 8M
 Heap Initial Capacity: 252M
 Heap Max Capacity: 3G
 Pre-touch: Disabled
 Parallel Workers: 8
 Concurrent Workers: 2
 Concurrent Refinement Workers: 8
 Periodic GC: Disabled
Heap:
 garbage-first heap   total 557056K, used 156157K [0x0000000740000000, 0x0000000800000000)
  region size 2048K, 3 young (6144K), 3 survivors (6144K)
 Metaspace       used 86189K, committed 87168K, reserved 1179648K
  class space    used 11672K, committed 12096K, reserved 1048576K
GC Heap History (20 events):
Event: 133.530 GC heap after
{Heap after GC invocations=30 (full 0):
 garbage-first heap   total 591872K, used 237402K [0x0000000740000000, 0x0000000800000000)
  region size 2048K, 2 young (4096K), 2 survivors (4096K)
 Metaspace       used 75405K, committed 76160K, reserved 1179648K
  class space    used 10482K, committed 10816K, reserved 1048576K
}
Event: 133.562 GC heap before
{Heap before GC invocations=30 (full 0):
 garbage-first heap   total 591872K, used 245594K [0x0000000740000000, 0x0000000800000000)
  region size 2048K, 7 young (14336K), 2 survivors (4096K)
 Metaspace       used 75407K, committed 76160K, reserved 1179648K
  class space    used 10482K, committed 10816K, reserved 1048576K
}
Event: 133.565 GC heap after
{Heap after GC invocations=31 (full 0):
 garbage-first heap   total 591872K, used 238379K [0x0000000740000000, 0x0000000800000000)
  region size 2048K, 4 young (8192K), 4 survivors (8192K)
 Metaspace       used 75407K, committed 76160K, reserved 1179648K
  class space    used 10482K, committed 10816K, reserved 1048576K
}
Event: 134.637 GC heap before
{Heap before GC invocations=32 (full 0):
 garbage-first heap   total 491520K, used 283435K [0x0000000740000000, 0x0000000800000000)
  region size 2048K, 67 young (137216K), 4 survivors (8192K)
 Metaspace       used 81442K, committed 82176K, reserved 1179648K
  class space    used 11172K, committed 11520K, reserved 1048576K
}
Event: 134.650 GC heap after
{Heap after GC invocations=33 (full 0):
 garbage-first heap   total 491520K, used 179070K [0x0000000740000000, 0x0000000800000000)
  region size 2048K, 9 young (18432K), 9 survivors (18432K)
 Metaspace       used 81442K, committed 82176K, reserved 1179648K
  class space    used 11172K, committed 11520K, reserved 1048576K
}
Event: 134.701 GC heap before
{Heap before GC invocations=33 (full 0):
 garbage-first heap   total 491520K, used 185214K [0x0000000740000000, 0x0000000800000000)
  region size 2048K, 12 young (24576K), 9 survivors (18432K)
 Metaspace       used 81489K, committed 82240K, reserved 1179648K
  class space    used 11173K, committed 11520K, reserved 1048576K
}
Event: 134.707 GC heap after
{Heap after GC invocations=34 (full 0):
 garbage-first heap   total 491520K, used 168176K [0x0000000740000000, 0x0000000800000000)
  region size 2048K, 2 young (4096K), 2 survivors (4096K)
 Metaspace       used 81489K, committed 82240K, reserved 1179648K
  class space    used 11173K, committed 11520K, reserved 1048576K
}
Event: 135.781 GC heap before
{Heap before GC invocations=34 (full 0):
 garbage-first heap   total 491520K, used 297200K [0x0000000740000000, 0x0000000800000000)
  region size 2048K, 65 young (133120K), 2 survivors (4096K)
 Metaspace       used 84280K, committed 85120K, reserved 1179648K
  class space    used 11450K, committed 11840K, reserved 1048576K
}
Event: 135.790 GC heap after
{Heap after GC invocations=35 (full 0):
 garbage-first heap   total 491520K, used 173235K [0x0000000740000000, 0x0000000800000000)
  region size 2048K, 4 young (8192K), 4 survivors (8192K)
 Metaspace       used 84280K, committed 85120K, reserved 1179648K
  class space    used 11450K, committed 11840K, reserved 1048576K
}
Event: 136.342 GC heap before
{Heap before GC invocations=36 (full 0):
 garbage-first heap   total 491520K, used 308403K [0x0000000740000000, 0x0000000800000000)
  region size 2048K, 73 young (149504K), 4 survivors (8192K)
 Metaspace       used 84366K, committed 85248K, reserved 1179648K
  class space    used 11450K, committed 11840K, reserved 1048576K
}
Event: 136.348 GC heap after
{Heap after GC invocations=37 (full 0):
 garbage-first heap   total 491520K, used 167831K [0x0000000740000000, 0x0000000800000000)
  region size 2048K, 5 young (10240K), 5 survivors (10240K)
 Metaspace       used 84366K, committed 85248K, reserved 1179648K
  class space    used 11450K, committed 11840K, reserved 1048576K
}
Event: 136.388 GC heap before
{Heap before GC invocations=37 (full 0):
 garbage-first heap   total 491520K, used 182167K [0x0000000740000000, 0x0000000800000000)
  region size 2048K, 12 young (24576K), 5 survivors (10240K)
 Metaspace       used 84366K, committed 85248K, reserved 1179648K
  class space    used 11450K, committed 11840K, reserved 1048576K
}
Event: 136.395 GC heap after
{Heap after GC invocations=38 (full 0):
 garbage-first heap   total 491520K, used 161657K [0x0000000740000000, 0x0000000800000000)
  region size 2048K, 1 young (2048K), 1 survivors (2048K)
 Metaspace       used 84366K, committed 85248K, reserved 1179648K
  class space    used 11450K, committed 11840K, reserved 1048576K
}
Event: 136.925 GC heap before
{Heap before GC invocations=38 (full 0):
 garbage-first heap   total 491520K, used 219001K [0x0000000740000000, 0x0000000800000000)
  region size 2048K, 30 young (61440K), 1 survivors (2048K)
 Metaspace       used 84809K, committed 85632K, reserved 1179648K
  class space    used 11494K, committed 11904K, reserved 1048576K
}
Event: 136.930 GC heap after
{Heap after GC invocations=39 (full 0):
 garbage-first heap   total 491520K, used 160576K [0x0000000740000000, 0x0000000800000000)
  region size 2048K, 3 young (6144K), 3 survivors (6144K)
 Metaspace       used 84809K, committed 85632K, reserved 1179648K
  class space    used 11494K, committed 11904K, reserved 1048576K
}
Event: 137.767 GC heap before
{Heap before GC invocations=40 (full 0):
 garbage-first heap   total 491520K, used 336704K [0x0000000740000000, 0x0000000800000000)
  region size 2048K, 88 young (180224K), 3 survivors (6144K)
 Metaspace       used 85260K, committed 86144K, reserved 1179648K
  class space    used 11571K, committed 11968K, reserved 1048576K
}
Event: 137.780 GC heap after
{Heap after GC invocations=41 (full 0):
 garbage-first heap   total 491520K, used 172701K [0x0000000740000000, 0x0000000800000000)
  region size 2048K, 9 young (18432K), 9 survivors (18432K)
 Metaspace       used 85260K, committed 86144K, reserved 1179648K
  class space    used 11571K, committed 11968K, reserved 1048576K
}
Event: 138.099 GC heap before
{Heap before GC invocations=41 (full 0):
 garbage-first heap   total 491520K, used 178845K [0x0000000740000000, 0x0000000800000000)
  region size 2048K, 12 young (24576K), 9 survivors (18432K)
 Metaspace       used 85413K, committed 86272K, reserved 1179648K
  class space    used 11587K, committed 11968K, reserved 1048576K
}
Event: 138.109 GC heap after
{Heap after GC invocations=42 (full 0):
 garbage-first heap   total 491520K, used 154542K [0x0000000740000000, 0x0000000800000000)
  region size 2048K, 2 young (4096K), 2 survivors (4096K)
 Metaspace       used 85413K, committed 86272K, reserved 1179648K
  class space    used 11587K, committed 11968K, reserved 1048576K
}
Event: 141.202 GC heap before
{Heap before GC invocations=42 (full 0):
 garbage-first heap   total 491520K, used 185262K [0x0000000740000000, 0x0000000800000000)
  region size 2048K, 18 young (36864K), 2 survivors (4096K)
 Metaspace       used 86189K, committed 87168K, reserved 1179648K
  class space    used 11672K, committed 12096K, reserved 1048576K
}

